[Sat Oct 22 12:54:04 2022][INFO] checkout|VIVO Y16 3/32 RESMI|null
[Sat Oct 22 12:54:07 2022][INFO] vouchers-notification|VIVO Y16 3/32 RESMI|{}
[Sat Oct 22 13:00:12 2022][INFO] checkout|Sport Mania Gelas Mug Cangkir Outdoor Stainless +Free Sendok Teh (Per 1 Pcs)|null
[Sat Oct 22 13:00:16 2022][INFO] vouchers-notification|Sport Mania Gelas Mug Cangkir Outdoor Stainless +Free Sendok Teh (Per 1 Pcs)|{}
[Sat Oct 22 13:06:00 2022][INFO] checkout|Sport Mania Gelas Mug Cangkir Outdoor Stainless +Free Sendok Teh (Per 1 Pcs)|null
[Sat Oct 22 13:06:07 2022][INFO] login-pre|Sport Mania Gelas Mug Cangkir Outdoor Stainless +Free Sendok Teh (Per 1 Pcs)|{}
[Sat Oct 22 13:07:13 2022][INFO] checkout|Sport Mania Gelas Mug Cangkir Outdoor Stainless +Free Sendok Teh (Per 1 Pcs)|null
[Sat Oct 22 13:07:21 2022][INFO] login-pre|Sport Mania Gelas Mug Cangkir Outdoor Stainless +Free Sendok Teh (Per 1 Pcs)|{}
[Sat Oct 22 13:28:54 2022][INFO] checkout|Sport Mania Gelas Mug Cangkir Outdoor Stainless +Free Sendok Teh (Per 1 Pcs)|null
[Sat Oct 22 13:29:02 2022][INFO] login-pre|Sport Mania Gelas Mug Cangkir Outdoor Stainless +Free Sendok Teh (Per 1 Pcs)|{}
[Sat Oct 22 13:30:18 2022][INFO] 0|
[Sat Oct 22 13:30:21 2022][INFO] checkout|Sport Mania Gelas Mug Cangkir Outdoor Stainless +Free Sendok Teh (Per 1 Pcs)|null
[Sat Oct 22 13:41:02 2022][INFO] gzymlrnnkprn@spacehotline.com|1Gzymlrnnkprn
[Sat Oct 22 13:41:05 2022][INFO] checkout|Sport Mania Gelas Mug Cangkir Outdoor Stainless +Free Sendok Teh (Per 1 Pcs)|null
[Sat Oct 22 13:43:33 2022][INFO] checkout|Gulaku Tebu [1 Kg]|null
[Sat Oct 22 13:43:42 2022][INFO] login-pre|Gulaku Tebu [1 Kg]|{}
[Sat Oct 22 13:43:49 2022][INFO] login-otp|Gulaku Tebu [1 Kg]|{}
[Sat Oct 22 13:44:28 2022][INFO] checkout|Gulaku Tebu [1 Kg]|{}
[Sat Oct 22 13:44:36 2022][INFO] login-pre|Gulaku Tebu [1 Kg]|{}
[Sat Oct 22 13:44:42 2022][INFO] login-otp|Gulaku Tebu [1 Kg]|{}
[Sat Oct 22 13:45:22 2022][INFO] checkout|Gulaku Tebu [1 Kg]|{}
[Sat Oct 22 13:45:29 2022][INFO] login-pre|Gulaku Tebu [1 Kg]|{}
[Sat Oct 22 13:45:35 2022][INFO] login-otp|Gulaku Tebu [1 Kg]|{}
[Sat Oct 22 13:46:15 2022][INFO] checkout|Gulaku Tebu [1 Kg]|{}
[Sat Oct 22 13:46:23 2022][INFO] login-pre|Gulaku Tebu [1 Kg]|{}
[Sat Oct 22 13:46:30 2022][INFO] login-otp|Gulaku Tebu [1 Kg]|{}
[Sat Oct 22 13:49:02 2022][INFO] checkout|My Fruit Pear Singo Buah - Buahan [2 pcs]|null
[Sat Oct 22 13:49:09 2022][INFO] login-pre|My Fruit Pear Singo Buah - Buahan [2 pcs]|{}
[Sat Oct 22 13:49:16 2022][INFO] login-otp|My Fruit Pear Singo Buah - Buahan [2 pcs]|{}
[Sat Oct 22 13:49:55 2022][INFO] checkout|My Fruit Pear Singo Buah - Buahan [2 pcs]|{}
[Sat Oct 22 13:50:03 2022][INFO] login-pre|My Fruit Pear Singo Buah - Buahan [2 pcs]|{}
[Sat Oct 22 13:50:10 2022][INFO] login-otp|My Fruit Pear Singo Buah - Buahan [2 pcs]|{}
[Sat Oct 22 13:50:45 2022][INFO] checkout|Gulaku Tebu [1 Kg]|null
[Sat Oct 22 13:50:53 2022][INFO] login-pre|Gulaku Tebu [1 Kg]|{}
[Sat Oct 22 13:51:00 2022][INFO] login-otp|Gulaku Tebu [1 Kg]|{}
[Sat Oct 22 13:54:36 2022][INFO] checkout|My Fruit Pear Singo Buah - Buahan [2 pcs]|null
[Sat Oct 22 13:54:43 2022][INFO] login-pre|My Fruit Pear Singo Buah - Buahan [2 pcs]|{}
[Sat Oct 22 13:54:50 2022][INFO] loading
[Sat Oct 22 13:54:56 2022][INFO] login-otp|My Fruit Pear Singo Buah - Buahan [2 pcs]|{}
